# JRE version: OpenJDK Runtime Environment Temurin-21.0.7+6 (21.0.7+6) (build 21.0.7+6-LTS)
# Java VM: OpenJDK 64-Bit Server VM Temurin-21.0.7+6 (21.0.7+6-LTS, mixed mode, sharing, tiered, compressed oops, compressed class ptrs, parallel gc, windows-amd64)
GC Precious Log:
 CardTable entry size: 512
 CPUs: 20 total, 20 available
 Memory: 20147M
 Large Page Support: Disabled
 NUMA Support: Disabled
 Compressed Oops: Enabled (32-bit)
 Alignments: Space 512K, Generation 512K, Heap 2M
 Heap Min Capacity: 100M
 Heap Initial Capacity: 100M
 Heap Max Capacity: 2G
 Pre-touch: Disabled
 Parallel Workers: 15
Heap:
 PSYoungGen      total 15872K, used 8380K [0x00000000d5580000, 0x00000000d6780000, 0x0000000100000000)
  eden space 14336K, 47% used [0x00000000d5580000,0x00000000d5c31568,0x00000000d6380000)
  from space 1536K, 99% used [0x00000000d6480000,0x00000000d65fdba8,0x00000000d6600000)
  to   space 1536K, 0% used [0x00000000d6600000,0x00000000d6600000,0x00000000d6780000)
 ParOldGen       total 368128K, used 177427K [0x0000000080000000, 0x0000000096780000, 0x00000000d5580000)
  object space 368128K, 48% used [0x0000000080000000,0x000000008ad44c80,0x0000000096780000)
 Metaspace       used 58586K, committed 59968K, reserved 1114112K
  class space    used 6043K, committed 6656K, reserved 1048576K
GC Heap History (20 events):
Event: 7.532 GC heap before
{Heap before GC invocations=303 (full 2):
 PSYoungGen      total 8192K, used 8131K [0x00000000d5580000, 0x00000000d6000000, 0x0000000100000000)
  eden space 6144K, 100% used [0x00000000d5580000,0x00000000d5b80000,0x00000000d5b80000)
  from space 2048K, 97% used [0x00000000d5e00000,0x00000000d5ff0d08,0x00000000d6000000)
  to   space 2048K, 0% used [0x00000000d5c00000,0x00000000d5c00000,0x00000000d5e00000)
 ParOldGen       total 346112K, used 346109K [0x0000000080000000, 0x0000000095200000, 0x00000000d5580000)
  object space 346112K, 99% used [0x0000000080000000,0x00000000951ff4c0,0x0000000095200000)
 Metaspace       used 58249K, committed 59648K, reserved 1114112K
  class space    used 6026K, committed 6656K, reserved 1048576K
}
Event: 7.534 GC heap after
{Heap after GC invocations=303 (full 2):
 PSYoungGen      total 8704K, used 2037K [0x00000000d5580000, 0x00000000d6700000, 0x0000000100000000)
  eden space 6656K, 0% used [0x00000000d5580000,0x00000000d5580000,0x00000000d5c00000)
  from space 2048K, 99% used [0x00000000d5c00000,0x00000000d5dfd4d8,0x00000000d5e00000)
  to   space 5120K, 0% used [0x00000000d6200000,0x00000000d6200000,0x00000000d6700000)
 ParOldGen       total 348672K, used 348403K [0x0000000080000000, 0x0000000095480000, 0x00000000d5580000)
  object space 348672K, 99% used [0x0000000080000000,0x000000009543cf10,0x0000000095480000)
 Metaspace       used 58249K, committed 59648K, reserved 1114112K
  class space    used 6026K, committed 6656K, reserved 1048576K
}
Event: 7.538 GC heap before
{Heap before GC invocations=304 (full 2):
 PSYoungGen      total 8704K, used 8686K [0x00000000d5580000, 0x00000000d6700000, 0x0000000100000000)
  eden space 6656K, 99% used [0x00000000d5580000,0x00000000d5bfe500,0x00000000d5c00000)
  from space 2048K, 99% used [0x00000000d5c00000,0x00000000d5dfd4d8,0x00000000d5e00000)
  to   space 5120K, 0% used [0x00000000d6200000,0x00000000d6200000,0x00000000d6700000)
 ParOldGen       total 348672K, used 348403K [0x0000000080000000, 0x0000000095480000, 0x00000000d5580000)
  object space 348672K, 99% used [0x0000000080000000,0x000000009543cf10,0x0000000095480000)
 Metaspace       used 58275K, committed 59712K, reserved 1114112K
  class space    used 6030K, committed 6656K, reserved 1048576K
}
Event: 7.540 GC heap after
{Heap after GC invocations=304 (full 2):
 PSYoungGen      total 11264K, used 2653K [0x00000000d5580000, 0x00000000d6500000, 0x0000000100000000)
  eden space 8192K, 0% used [0x00000000d5580000,0x00000000d5580000,0x00000000d5d80000)
  from space 3072K, 86% used [0x00000000d6200000,0x00000000d64977f8,0x00000000d6500000)
  to   space 3584K, 0% used [0x00000000d5e00000,0x00000000d5e00000,0x00000000d6180000)
 ParOldGen       total 350720K, used 350212K [0x0000000080000000, 0x0000000095680000, 0x00000000d5580000)
  object space 350720K, 99% used [0x0000000080000000,0x00000000956012a0,0x0000000095680000)
 Metaspace       used 58275K, committed 59712K, reserved 1114112K
  class space    used 6030K, committed 6656K, reserved 1048576K
}
Event: 7.546 GC heap before
{Heap before GC invocations=305 (full 2):
 PSYoungGen      total 11264K, used 10845K [0x00000000d5580000, 0x00000000d6500000, 0x0000000100000000)
  eden space 8192K, 100% used [0x00000000d5580000,0x00000000d5d80000,0x00000000d5d80000)
  from space 3072K, 86% used [0x00000000d6200000,0x00000000d64977f8,0x00000000d6500000)
  to   space 3584K, 0% used [0x00000000d5e00000,0x00000000d5e00000,0x00000000d6180000)
 ParOldGen       total 350720K, used 350212K [0x0000000080000000, 0x0000000095680000, 0x00000000d5580000)
  object space 350720K, 99% used [0x0000000080000000,0x00000000956012a0,0x0000000095680000)
 Metaspace       used 58292K, committed 59712K, reserved 1114112K
  class space    used 6033K, committed 6656K, reserved 1048576K
}
Event: 7.548 GC heap after
{Heap after GC invocations=305 (full 2):
 PSYoungGen      total 12288K, used 3215K [0x00000000d5580000, 0x00000000d6680000, 0x0000000100000000)
  eden space 8704K, 0% used [0x00000000d5580000,0x00000000d5580000,0x00000000d5e00000)
  from space 3584K, 89% used [0x00000000d5e00000,0x00000000d6123c80,0x00000000d6180000)
  to   space 3584K, 0% used [0x00000000d6300000,0x00000000d6300000,0x00000000d6680000)
 ParOldGen       total 352768K, used 352702K [0x0000000080000000, 0x0000000095880000, 0x00000000d5580000)
  object space 352768K, 99% used [0x0000000080000000,0x000000009586f9c8,0x0000000095880000)
 Metaspace       used 58292K, committed 59712K, reserved 1114112K
  class space    used 6033K, committed 6656K, reserved 1048576K
}
Event: 7.554 GC heap before
{Heap before GC invocations=306 (full 2):
 PSYoungGen      total 12288K, used 11919K [0x00000000d5580000, 0x00000000d6680000, 0x0000000100000000)
  eden space 8704K, 100% used [0x00000000d5580000,0x00000000d5e00000,0x00000000d5e00000)
  from space 3584K, 89% used [0x00000000d5e00000,0x00000000d6123c80,0x00000000d6180000)
  to   space 3584K, 0% used [0x00000000d6300000,0x00000000d6300000,0x00000000d6680000)
 ParOldGen       total 352768K, used 352702K [0x0000000080000000, 0x0000000095880000, 0x00000000d5580000)
  object space 352768K, 99% used [0x0000000080000000,0x000000009586f9c8,0x0000000095880000)
 Metaspace       used 58306K, committed 59712K, reserved 1114112K
  class space    used 6034K, committed 6656K, reserved 1048576K
}
Event: 7.556 GC heap after
{Heap after GC invocations=306 (full 2):
 PSYoungGen      total 13312K, used 3556K [0x00000000d5580000, 0x00000000d6800000, 0x0000000100000000)
  eden space 9728K, 0% used [0x00000000d5580000,0x00000000d5580000,0x00000000d5f00000)
  from space 3584K, 99% used [0x00000000d6300000,0x00000000d6679010,0x00000000d6680000)
  to   space 4096K, 0% used [0x00000000d5f00000,0x00000000d5f00000,0x00000000d6300000)
 ParOldGen       total 355840K, used 355778K [0x0000000080000000, 0x0000000095b80000, 0x00000000d5580000)
  object space 355840K, 99% used [0x0000000080000000,0x0000000095b70888,0x0000000095b80000)
 Metaspace       used 58306K, committed 59712K, reserved 1114112K
  class space    used 6034K, committed 6656K, reserved 1048576K
}
Event: 7.563 GC heap before
{Heap before GC invocations=307 (full 2):
 PSYoungGen      total 13312K, used 13284K [0x00000000d5580000, 0x00000000d6800000, 0x0000000100000000)
  eden space 9728K, 100% used [0x00000000d5580000,0x00000000d5f00000,0x00000000d5f00000)
  from space 3584K, 99% used [0x00000000d6300000,0x00000000d6679010,0x00000000d6680000)
  to   space 4096K, 0% used [0x00000000d5f00000,0x00000000d5f00000,0x00000000d6300000)
 ParOldGen       total 355840K, used 355778K [0x0000000080000000, 0x0000000095b80000, 0x00000000d5580000)
  object space 355840K, 99% used [0x0000000080000000,0x0000000095b70888,0x0000000095b80000)
 Metaspace       used 58318K, committed 59712K, reserved 1114112K
  class space    used 6035K, committed 6656K, reserved 1048576K
}
Event: 7.565 GC heap after
{Heap after GC invocations=307 (full 2):
 PSYoungGen      total 13824K, used 4085K [0x00000000d5580000, 0x00000000d6a00000, 0x0000000100000000)
  eden space 9728K, 0% used [0x00000000d5580000,0x00000000d5580000,0x00000000d5f00000)
  from space 4096K, 99% used [0x00000000d5f00000,0x00000000d62fd6b8,0x00000000d6300000)
  to   space 4608K, 0% used [0x00000000d6580000,0x00000000d6580000,0x00000000d6a00000)
 ParOldGen       total 359424K, used 359174K [0x0000000080000000, 0x0000000095f00000, 0x00000000d5580000)
  object space 359424K, 99% used [0x0000000080000000,0x0000000095ec1a68,0x0000000095f00000)
 Metaspace       used 58318K, committed 59712K, reserved 1114112K
  class space    used 6035K, committed 6656K, reserved 1048576K
}
Event: 7.572 GC heap before
{Heap before GC invocations=308 (full 2):
 PSYoungGen      total 13824K, used 13813K [0x00000000d5580000, 0x00000000d6a00000, 0x0000000100000000)
  eden space 9728K, 100% used [0x00000000d5580000,0x00000000d5f00000,0x00000000d5f00000)
  from space 4096K, 99% used [0x00000000d5f00000,0x00000000d62fd6b8,0x00000000d6300000)
  to   space 4608K, 0% used [0x00000000d6580000,0x00000000d6580000,0x00000000d6a00000)
 ParOldGen       total 359424K, used 359174K [0x0000000080000000, 0x0000000095f00000, 0x00000000d5580000)
  object space 359424K, 99% used [0x0000000080000000,0x0000000095ec1a68,0x0000000095f00000)
 Metaspace       used 58325K, committed 59712K, reserved 1114112K
  class space    used 6035K, committed 6656K, reserved 1048576K
}
Event: 7.575 GC heap after
{Heap after GC invocations=308 (full 2):
 PSYoungGen      total 15872K, used 3627K [0x00000000d5580000, 0x00000000d6980000, 0x0000000100000000)
  eden space 11776K, 0% used [0x00000000d5580000,0x00000000d5580000,0x00000000d6100000)
  from space 4096K, 88% used [0x00000000d6580000,0x00000000d690ad70,0x00000000d6980000)
  to   space 4096K, 0% used [0x00000000d6180000,0x00000000d6180000,0x00000000d6580000)
 ParOldGen       total 363520K, used 363030K [0x0000000080000000, 0x0000000096300000, 0x00000000d5580000)
  object space 363520K, 99% used [0x0000000080000000,0x0000000096285810,0x0000000096300000)
 Metaspace       used 58325K, committed 59712K, reserved 1114112K
  class space    used 6035K, committed 6656K, reserved 1048576K
}
Event: 7.630 GC heap before
{Heap before GC invocations=309 (full 2):
 PSYoungGen      total 15872K, used 15403K [0x00000000d5580000, 0x00000000d6980000, 0x0000000100000000)
  eden space 11776K, 100% used [0x00000000d5580000,0x00000000d6100000,0x00000000d6100000)
  from space 4096K, 88% used [0x00000000d6580000,0x00000000d690ad70,0x00000000d6980000)
  to   space 4096K, 0% used [0x00000000d6180000,0x00000000d6180000,0x00000000d6580000)
 ParOldGen       total 363520K, used 363030K [0x0000000080000000, 0x0000000096300000, 0x00000000d5580000)
  object space 363520K, 99% used [0x0000000080000000,0x0000000096285810,0x0000000096300000)
 Metaspace       used 58433K, committed 59776K, reserved 1114112K
  class space    used 6037K, committed 6656K, reserved 1048576K
}
Event: 7.632 GC heap after
{Heap after GC invocations=309 (full 2):
 PSYoungGen      total 16384K, used 2263K [0x00000000d5580000, 0x00000000d6980000, 0x0000000100000000)
  eden space 12288K, 0% used [0x00000000d5580000,0x00000000d5580000,0x00000000d6180000)
  from space 4096K, 55% used [0x00000000d6180000,0x00000000d63b5f40,0x00000000d6580000)
  to   space 3072K, 0% used [0x00000000d6680000,0x00000000d6680000,0x00000000d6980000)
 ParOldGen       total 366592K, used 366389K [0x0000000080000000, 0x0000000096600000, 0x00000000d5580000)
  object space 366592K, 99% used [0x0000000080000000,0x00000000965cd470,0x0000000096600000)
 Metaspace       used 58433K, committed 59776K, reserved 1114112K
  class space    used 6037K, committed 6656K, reserved 1048576K
}
Event: 7.644 GC heap before
{Heap before GC invocations=310 (full 2):
 PSYoungGen      total 16384K, used 3403K [0x00000000d5580000, 0x00000000d6980000, 0x0000000100000000)
  eden space 12288K, 9% used [0x00000000d5580000,0x00000000d569ce70,0x00000000d6180000)
  from space 4096K, 55% used [0x00000000d6180000,0x00000000d63b5f40,0x00000000d6580000)
  to   space 3072K, 0% used [0x00000000d6680000,0x00000000d6680000,0x00000000d6980000)
 ParOldGen       total 366592K, used 366389K [0x0000000080000000, 0x0000000096600000, 0x00000000d5580000)
  object space 366592K, 99% used [0x0000000080000000,0x00000000965cd470,0x0000000096600000)
 Metaspace       used 58464K, committed 59776K, reserved 1114112K
  class space    used 6039K, committed 6656K, reserved 1048576K
}
Event: 7.645 GC heap after
{Heap after GC invocations=310 (full 2):
 PSYoungGen      total 15360K, used 576K [0x00000000d5580000, 0x00000000d6780000, 0x0000000100000000)
  eden space 14336K, 0% used [0x00000000d5580000,0x00000000d5580000,0x00000000d6380000)
  from space 1024K, 56% used [0x00000000d6680000,0x00000000d6710000,0x00000000d6780000)
  to   space 1536K, 0% used [0x00000000d6480000,0x00000000d6480000,0x00000000d6600000)
 ParOldGen       total 368128K, used 368033K [0x0000000080000000, 0x0000000096780000, 0x00000000d5580000)
  object space 368128K, 99% used [0x0000000080000000,0x0000000096768538,0x0000000096780000)
 Metaspace       used 58464K, committed 59776K, reserved 1114112K
  class space    used 6039K, committed 6656K, reserved 1048576K
}
Event: 7.645 GC heap before
{Heap before GC invocations=311 (full 3):
 PSYoungGen      total 15360K, used 576K [0x00000000d5580000, 0x00000000d6780000, 0x0000000100000000)
  eden space 14336K, 0% used [0x00000000d5580000,0x00000000d5580000,0x00000000d6380000)
  from space 1024K, 56% used [0x00000000d6680000,0x00000000d6710000,0x00000000d6780000)
  to   space 1536K, 0% used [0x00000000d6480000,0x00000000d6480000,0x00000000d6600000)
 ParOldGen       total 368128K, used 368033K [0x0000000080000000, 0x0000000096780000, 0x00000000d5580000)
  object space 368128K, 99% used [0x0000000080000000,0x0000000096768538,0x0000000096780000)
 Metaspace       used 58464K, committed 59776K, reserved 1114112K
  class space    used 6039K, committed 6656K, reserved 1048576K
}
Event: 7.721 GC heap after
{Heap after GC invocations=311 (full 3):
 PSYoungGen      total 15360K, used 0K [0x00000000d5580000, 0x00000000d6780000, 0x0000000100000000)
  eden space 14336K, 0% used [0x00000000d5580000,0x00000000d5580000,0x00000000d6380000)
  from space 1024K, 0% used [0x00000000d6680000,0x00000000d6680000,0x00000000d6780000)
  to   space 1536K, 0% used [0x00000000d6480000,0x00000000d6480000,0x00000000d6600000)
 ParOldGen       total 368128K, used 177247K [0x0000000080000000, 0x0000000096780000, 0x00000000d5580000)
  object space 368128K, 48% used [0x0000000080000000,0x000000008ad17c70,0x0000000096780000)
 Metaspace       used 58464K, committed 59776K, reserved 1114112K
  class space    used 6039K, committed 6656K, reserved 1048576K
}
Event: 7.786 GC heap before
{Heap before GC invocations=312 (full 3):
 PSYoungGen      total 15360K, used 14336K [0x00000000d5580000, 0x00000000d6780000, 0x0000000100000000)
  eden space 14336K, 100% used [0x00000000d5580000,0x00000000d6380000,0x00000000d6380000)
  from space 1024K, 0% used [0x00000000d6680000,0x00000000d6680000,0x00000000d6780000)
  to   space 1536K, 0% used [0x00000000d6480000,0x00000000d6480000,0x00000000d6600000)
 ParOldGen       total 368128K, used 177251K [0x0000000080000000, 0x0000000096780000, 0x00000000d5580000)
  object space 368128K, 48% used [0x0000000080000000,0x000000008ad18c80,0x0000000096780000)
 Metaspace       used 58554K, committed 59904K, reserved 1114112K
  class space    used 6042K, committed 6656K, reserved 1048576K
}
Event: 7.788 GC heap after
{Heap after GC invocations=312 (full 3):
 PSYoungGen      total 15872K, used 1526K [0x00000000d5580000, 0x00000000d6780000, 0x0000000100000000)
  eden space 14336K, 0% used [0x00000000d5580000,0x00000000d5580000,0x00000000d6380000)
  from space 1536K, 99% used [0x00000000d6480000,0x00000000d65fdba8,0x00000000d6600000)
  to   space 1536K, 0% used [0x00000000d6600000,0x00000000d6600000,0x00000000d6780000)
 ParOldGen       total 368128K, used 177427K [0x0000000080000000, 0x0000000096780000, 0x00000000d5580000)
  object space 368128K, 48% used [0x0000000080000000,0x000000008ad44c80,0x0000000096780000)
 Metaspace       used 58554K, committed 59904K, reserved 1114112K
  class space    used 6042K, committed 6656K, reserved 1048576K
}

