# JRE version: OpenJDK Runtime Environment Temurin-21.0.7+6 (21.0.7+6) (build 21.0.7+6-LTS)
# Java VM: OpenJDK 64-Bit Server VM Temurin-21.0.7+6 (21.0.7+6-LTS, mixed mode, sharing, tiered, compressed oops, compressed class ptrs, parallel gc, windows-amd64)
GC Precious Log:
 CardTable entry size: 512
 CPUs: 20 total, 20 available
 Memory: 20147M
 Large Page Support: Disabled
 NUMA Support: Disabled
 Compressed Oops: Enabled (32-bit)
 Alignments: Space 512K, Generation 512K, Heap 2M
 Heap Min Capacity: 100M
 Heap Initial Capacity: 100M
 Heap Max Capacity: 2G
 Pre-touch: Disabled
 Parallel Workers: 15
Heap:
 PSYoungGen      total 22528K, used 8776K [0x00000000d5580000, 0x00000000d6e80000, 0x0000000100000000)
  eden space 19968K, 32% used [0x00000000d5580000,0x00000000d5be7948,0x00000000d6900000)
  from space 2560K, 86% used [0x00000000d6c00000,0x00000000d6e2a7c0,0x00000000d6e80000)
  to   space 2560K, 0% used [0x00000000d6980000,0x00000000d6980000,0x00000000d6c00000)
 ParOldGen       total 68608K, used 38696K [0x0000000080000000, 0x0000000084300000, 0x00000000d5580000)
  object space 68608K, 56% used [0x0000000080000000,0x00000000825ca0a8,0x0000000084300000)
 Metaspace       used 44547K, committed 45760K, reserved 1114112K
  class space    used 4523K, committed 5120K, reserved 1048576K
GC Heap History (20 events):
Event: 4.648 GC heap before
{Heap before GC invocations=17 (full 2):
 PSYoungGen      total 24576K, used 24128K [0x00000000d5580000, 0x00000000d7180000, 0x0000000100000000)
  eden space 22016K, 100% used [0x00000000d5580000,0x00000000d6b00000,0x00000000d6b00000)
  from space 2560K, 82% used [0x00000000d6f00000,0x00000000d7110030,0x00000000d7180000)
  to   space 2560K, 0% used [0x00000000d6c80000,0x00000000d6c80000,0x00000000d6f00000)
 ParOldGen       total 68608K, used 19812K [0x0000000080000000, 0x0000000084300000, 0x00000000d5580000)
  object space 68608K, 28% used [0x0000000080000000,0x0000000081359230,0x0000000084300000)
 Metaspace       used 36146K, committed 37312K, reserved 1114112K
  class space    used 3608K, committed 4160K, reserved 1048576K
}
Event: 4.650 GC heap after
{Heap after GC invocations=17 (full 2):
 PSYoungGen      total 24576K, used 2146K [0x00000000d5580000, 0x00000000d7000000, 0x0000000100000000)
  eden space 22016K, 0% used [0x00000000d5580000,0x00000000d5580000,0x00000000d6b00000)
  from space 2560K, 83% used [0x00000000d6c80000,0x00000000d6e98800,0x00000000d6f00000)
  to   space 1024K, 0% used [0x00000000d6f00000,0x00000000d6f00000,0x00000000d7000000)
 ParOldGen       total 68608K, used 21668K [0x0000000080000000, 0x0000000084300000, 0x00000000d5580000)
  object space 68608K, 31% used [0x0000000080000000,0x0000000081529260,0x0000000084300000)
 Metaspace       used 36146K, committed 37312K, reserved 1114112K
  class space    used 3608K, committed 4160K, reserved 1048576K
}
Event: 4.764 GC heap before
{Heap before GC invocations=18 (full 2):
 PSYoungGen      total 24576K, used 24162K [0x00000000d5580000, 0x00000000d7000000, 0x0000000100000000)
  eden space 22016K, 100% used [0x00000000d5580000,0x00000000d6b00000,0x00000000d6b00000)
  from space 2560K, 83% used [0x00000000d6c80000,0x00000000d6e98800,0x00000000d6f00000)
  to   space 1024K, 0% used [0x00000000d6f00000,0x00000000d6f00000,0x00000000d7000000)
 ParOldGen       total 68608K, used 21668K [0x0000000080000000, 0x0000000084300000, 0x00000000d5580000)
  object space 68608K, 31% used [0x0000000080000000,0x0000000081529260,0x0000000084300000)
 Metaspace       used 37146K, committed 38400K, reserved 1114112K
  class space    used 3737K, committed 4352K, reserved 1048576K
}
Event: 4.770 GC heap after
{Heap after GC invocations=18 (full 2):
 PSYoungGen      total 23040K, used 992K [0x00000000d5580000, 0x00000000d7300000, 0x0000000100000000)
  eden space 22016K, 0% used [0x00000000d5580000,0x00000000d5580000,0x00000000d6b00000)
  from space 1024K, 96% used [0x00000000d6f00000,0x00000000d6ff8020,0x00000000d7000000)
  to   space 4096K, 0% used [0x00000000d6b00000,0x00000000d6b00000,0x00000000d6f00000)
 ParOldGen       total 68608K, used 24366K [0x0000000080000000, 0x0000000084300000, 0x00000000d5580000)
  object space 68608K, 35% used [0x0000000080000000,0x00000000817cba60,0x0000000084300000)
 Metaspace       used 37146K, committed 38400K, reserved 1114112K
  class space    used 3737K, committed 4352K, reserved 1048576K
}
Event: 4.856 GC heap before
{Heap before GC invocations=19 (full 2):
 PSYoungGen      total 23040K, used 23008K [0x00000000d5580000, 0x00000000d7300000, 0x0000000100000000)
  eden space 22016K, 100% used [0x00000000d5580000,0x00000000d6b00000,0x00000000d6b00000)
  from space 1024K, 96% used [0x00000000d6f00000,0x00000000d6ff8020,0x00000000d7000000)
  to   space 4096K, 0% used [0x00000000d6b00000,0x00000000d6b00000,0x00000000d6f00000)
 ParOldGen       total 68608K, used 24366K [0x0000000080000000, 0x0000000084300000, 0x00000000d5580000)
  object space 68608K, 35% used [0x0000000080000000,0x00000000817cba60,0x0000000084300000)
 Metaspace       used 37724K, committed 38976K, reserved 1114112K
  class space    used 3800K, committed 4352K, reserved 1048576K
}
Event: 4.861 GC heap after
{Heap after GC invocations=19 (full 2):
 PSYoungGen      total 24576K, used 2179K [0x00000000d5580000, 0x00000000d7100000, 0x0000000100000000)
  eden space 22016K, 0% used [0x00000000d5580000,0x00000000d5580000,0x00000000d6b00000)
  from space 2560K, 85% used [0x00000000d6b00000,0x00000000d6d20ec0,0x00000000d6d80000)
  to   space 3072K, 0% used [0x00000000d6e00000,0x00000000d6e00000,0x00000000d7100000)
 ParOldGen       total 68608K, used 25354K [0x0000000080000000, 0x0000000084300000, 0x00000000d5580000)
  object space 68608K, 36% used [0x0000000080000000,0x00000000818c2ba8,0x0000000084300000)
 Metaspace       used 37724K, committed 38976K, reserved 1114112K
  class space    used 3800K, committed 4352K, reserved 1048576K
}
Event: 4.914 GC heap before
{Heap before GC invocations=20 (full 2):
 PSYoungGen      total 24576K, used 24195K [0x00000000d5580000, 0x00000000d7100000, 0x0000000100000000)
  eden space 22016K, 100% used [0x00000000d5580000,0x00000000d6b00000,0x00000000d6b00000)
  from space 2560K, 85% used [0x00000000d6b00000,0x00000000d6d20ec0,0x00000000d6d80000)
  to   space 3072K, 0% used [0x00000000d6e00000,0x00000000d6e00000,0x00000000d7100000)
 ParOldGen       total 68608K, used 25354K [0x0000000080000000, 0x0000000084300000, 0x00000000d5580000)
  object space 68608K, 36% used [0x0000000080000000,0x00000000818c2ba8,0x0000000084300000)
 Metaspace       used 38106K, committed 39360K, reserved 1114112K
  class space    used 3832K, committed 4416K, reserved 1048576K
}
Event: 4.919 GC heap after
{Heap after GC invocations=20 (full 2):
 PSYoungGen      total 24576K, used 2212K [0x00000000d5580000, 0x00000000d7080000, 0x0000000100000000)
  eden space 22016K, 0% used [0x00000000d5580000,0x00000000d5580000,0x00000000d6b00000)
  from space 2560K, 86% used [0x00000000d6e00000,0x00000000d7029000,0x00000000d7080000)
  to   space 2560K, 0% used [0x00000000d6b00000,0x00000000d6b00000,0x00000000d6d80000)
 ParOldGen       total 68608K, used 27234K [0x0000000080000000, 0x0000000084300000, 0x00000000d5580000)
  object space 68608K, 39% used [0x0000000080000000,0x0000000081a98bd8,0x0000000084300000)
 Metaspace       used 38106K, committed 39360K, reserved 1114112K
  class space    used 3832K, committed 4416K, reserved 1048576K
}
Event: 4.998 GC heap before
{Heap before GC invocations=21 (full 2):
 PSYoungGen      total 24576K, used 24228K [0x00000000d5580000, 0x00000000d7080000, 0x0000000100000000)
  eden space 22016K, 100% used [0x00000000d5580000,0x00000000d6b00000,0x00000000d6b00000)
  from space 2560K, 86% used [0x00000000d6e00000,0x00000000d7029000,0x00000000d7080000)
  to   space 2560K, 0% used [0x00000000d6b00000,0x00000000d6b00000,0x00000000d6d80000)
 ParOldGen       total 68608K, used 27234K [0x0000000080000000, 0x0000000084300000, 0x00000000d5580000)
  object space 68608K, 39% used [0x0000000080000000,0x0000000081a98bd8,0x0000000084300000)
 Metaspace       used 38539K, committed 39808K, reserved 1114112K
  class space    used 3886K, committed 4480K, reserved 1048576K
}
Event: 5.001 GC heap after
{Heap after GC invocations=21 (full 2):
 PSYoungGen      total 24576K, used 2368K [0x00000000d5580000, 0x00000000d7000000, 0x0000000100000000)
  eden space 22016K, 0% used [0x00000000d5580000,0x00000000d5580000,0x00000000d6b00000)
  from space 2560K, 92% used [0x00000000d6b00000,0x00000000d6d50010,0x00000000d6d80000)
  to   space 2560K, 0% used [0x00000000d6d80000,0x00000000d6d80000,0x00000000d7000000)
 ParOldGen       total 68608K, used 29192K [0x0000000080000000, 0x0000000084300000, 0x00000000d5580000)
  object space 68608K, 42% used [0x0000000080000000,0x0000000081c82200,0x0000000084300000)
 Metaspace       used 38539K, committed 39808K, reserved 1114112K
  class space    used 3886K, committed 4480K, reserved 1048576K
}
Event: 5.107 GC heap before
{Heap before GC invocations=22 (full 2):
 PSYoungGen      total 24576K, used 24384K [0x00000000d5580000, 0x00000000d7000000, 0x0000000100000000)
  eden space 22016K, 100% used [0x00000000d5580000,0x00000000d6b00000,0x00000000d6b00000)
  from space 2560K, 92% used [0x00000000d6b00000,0x00000000d6d50010,0x00000000d6d80000)
  to   space 2560K, 0% used [0x00000000d6d80000,0x00000000d6d80000,0x00000000d7000000)
 ParOldGen       total 68608K, used 29192K [0x0000000080000000, 0x0000000084300000, 0x00000000d5580000)
  object space 68608K, 42% used [0x0000000080000000,0x0000000081c82200,0x0000000084300000)
 Metaspace       used 38906K, committed 40064K, reserved 1114112K
  class space    used 3939K, committed 4480K, reserved 1048576K
}
Event: 5.113 GC heap after
{Heap after GC invocations=22 (full 2):
 PSYoungGen      total 24576K, used 1976K [0x00000000d5580000, 0x00000000d7000000, 0x0000000100000000)
  eden space 22016K, 0% used [0x00000000d5580000,0x00000000d5580000,0x00000000d6b00000)
  from space 2560K, 77% used [0x00000000d6d80000,0x00000000d6f6e200,0x00000000d7000000)
  to   space 2560K, 0% used [0x00000000d6b00000,0x00000000d6b00000,0x00000000d6d80000)
 ParOldGen       total 68608K, used 31376K [0x0000000080000000, 0x0000000084300000, 0x00000000d5580000)
  object space 68608K, 45% used [0x0000000080000000,0x0000000081ea4210,0x0000000084300000)
 Metaspace       used 38906K, committed 40064K, reserved 1114112K
  class space    used 3939K, committed 4480K, reserved 1048576K
}
Event: 5.292 GC heap before
{Heap before GC invocations=23 (full 2):
 PSYoungGen      total 24576K, used 23957K [0x00000000d5580000, 0x00000000d7000000, 0x0000000100000000)
  eden space 22016K, 99% used [0x00000000d5580000,0x00000000d6af7520,0x00000000d6b00000)
  from space 2560K, 77% used [0x00000000d6d80000,0x00000000d6f6e200,0x00000000d7000000)
  to   space 2560K, 0% used [0x00000000d6b00000,0x00000000d6b00000,0x00000000d6d80000)
 ParOldGen       total 68608K, used 31376K [0x0000000080000000, 0x0000000084300000, 0x00000000d5580000)
  object space 68608K, 45% used [0x0000000080000000,0x0000000081ea4210,0x0000000084300000)
 Metaspace       used 39542K, committed 40704K, reserved 1114112K
  class space    used 4019K, committed 4544K, reserved 1048576K
}
Event: 5.296 GC heap after
{Heap after GC invocations=23 (full 2):
 PSYoungGen      total 24064K, used 1794K [0x00000000d5580000, 0x00000000d6f00000, 0x0000000100000000)
  eden space 22016K, 0% used [0x00000000d5580000,0x00000000d5580000,0x00000000d6b00000)
  from space 2048K, 87% used [0x00000000d6b00000,0x00000000d6cc0ba0,0x00000000d6d00000)
  to   space 2048K, 0% used [0x00000000d6d00000,0x00000000d6d00000,0x00000000d6f00000)
 ParOldGen       total 68608K, used 33089K [0x0000000080000000, 0x0000000084300000, 0x00000000d5580000)
  object space 68608K, 48% used [0x0000000080000000,0x0000000082050410,0x0000000084300000)
 Metaspace       used 39542K, committed 40704K, reserved 1114112K
  class space    used 4019K, committed 4544K, reserved 1048576K
}
Event: 5.661 GC heap before
{Heap before GC invocations=24 (full 2):
 PSYoungGen      total 24064K, used 23810K [0x00000000d5580000, 0x00000000d6f00000, 0x0000000100000000)
  eden space 22016K, 100% used [0x00000000d5580000,0x00000000d6b00000,0x00000000d6b00000)
  from space 2048K, 87% used [0x00000000d6b00000,0x00000000d6cc0ba0,0x00000000d6d00000)
  to   space 2048K, 0% used [0x00000000d6d00000,0x00000000d6d00000,0x00000000d6f00000)
 ParOldGen       total 68608K, used 33089K [0x0000000080000000, 0x0000000084300000, 0x00000000d5580000)
  object space 68608K, 48% used [0x0000000080000000,0x0000000082050410,0x0000000084300000)
 Metaspace       used 40846K, committed 41984K, reserved 1114112K
  class space    used 4146K, committed 4672K, reserved 1048576K
}
Event: 5.664 GC heap after
{Heap after GC invocations=24 (full 2):
 PSYoungGen      total 22016K, used 2042K [0x00000000d5580000, 0x00000000d7300000, 0x0000000100000000)
  eden space 19968K, 0% used [0x00000000d5580000,0x00000000d5580000,0x00000000d6900000)
  from space 2048K, 99% used [0x00000000d6d00000,0x00000000d6efeba0,0x00000000d6f00000)
  to   space 4096K, 0% used [0x00000000d6900000,0x00000000d6900000,0x00000000d6d00000)
 ParOldGen       total 68608K, used 34581K [0x0000000080000000, 0x0000000084300000, 0x00000000d5580000)
  object space 68608K, 50% used [0x0000000080000000,0x00000000821c5768,0x0000000084300000)
 Metaspace       used 40846K, committed 41984K, reserved 1114112K
  class space    used 4146K, committed 4672K, reserved 1048576K
}
Event: 5.897 GC heap before
{Heap before GC invocations=25 (full 2):
 PSYoungGen      total 22016K, used 21982K [0x00000000d5580000, 0x00000000d7300000, 0x0000000100000000)
  eden space 19968K, 99% used [0x00000000d5580000,0x00000000d68f8fd0,0x00000000d6900000)
  from space 2048K, 99% used [0x00000000d6d00000,0x00000000d6efeba0,0x00000000d6f00000)
  to   space 4096K, 0% used [0x00000000d6900000,0x00000000d6900000,0x00000000d6d00000)
 ParOldGen       total 68608K, used 34581K [0x0000000080000000, 0x0000000084300000, 0x00000000d5580000)
  object space 68608K, 50% used [0x0000000080000000,0x00000000821c5768,0x0000000084300000)
 Metaspace       used 42225K, committed 43456K, reserved 1114112K
  class space    used 4291K, committed 4864K, reserved 1048576K
}
Event: 5.902 GC heap after
{Heap after GC invocations=25 (full 2):
 PSYoungGen      total 23040K, used 2705K [0x00000000d5580000, 0x00000000d6f00000, 0x0000000100000000)
  eden space 19968K, 0% used [0x00000000d5580000,0x00000000d5580000,0x00000000d6900000)
  from space 3072K, 88% used [0x00000000d6900000,0x00000000d6ba4550,0x00000000d6c00000)
  to   space 3072K, 0% used [0x00000000d6c00000,0x00000000d6c00000,0x00000000d6f00000)
 ParOldGen       total 68608K, used 36329K [0x0000000080000000, 0x0000000084300000, 0x00000000d5580000)
  object space 68608K, 52% used [0x0000000080000000,0x000000008237a420,0x0000000084300000)
 Metaspace       used 42225K, committed 43456K, reserved 1114112K
  class space    used 4291K, committed 4864K, reserved 1048576K
}
Event: 6.105 GC heap before
{Heap before GC invocations=26 (full 2):
 PSYoungGen      total 23040K, used 22653K [0x00000000d5580000, 0x00000000d6f00000, 0x0000000100000000)
  eden space 19968K, 99% used [0x00000000d5580000,0x00000000d68fb178,0x00000000d6900000)
  from space 3072K, 88% used [0x00000000d6900000,0x00000000d6ba4550,0x00000000d6c00000)
  to   space 3072K, 0% used [0x00000000d6c00000,0x00000000d6c00000,0x00000000d6f00000)
 ParOldGen       total 68608K, used 36329K [0x0000000080000000, 0x0000000084300000, 0x00000000d5580000)
  object space 68608K, 52% used [0x0000000080000000,0x000000008237a420,0x0000000084300000)
 Metaspace       used 44045K, committed 45312K, reserved 1114112K
  class space    used 4466K, committed 5056K, reserved 1048576K
}
Event: 6.108 GC heap after
{Heap after GC invocations=26 (full 2):
 PSYoungGen      total 22528K, used 2217K [0x00000000d5580000, 0x00000000d6e80000, 0x0000000100000000)
  eden space 19968K, 0% used [0x00000000d5580000,0x00000000d5580000,0x00000000d6900000)
  from space 2560K, 86% used [0x00000000d6c00000,0x00000000d6e2a7c0,0x00000000d6e80000)
  to   space 2560K, 0% used [0x00000000d6980000,0x00000000d6980000,0x00000000d6c00000)
 ParOldGen       total 68608K, used 38696K [0x0000000080000000, 0x0000000084300000, 0x00000000d5580000)
  object space 68608K, 56% used [0x0000000080000000,0x00000000825ca0a8,0x0000000084300000)
 Metaspace       used 44045K, committed 45312K, reserved 1114112K
  class space    used 4466K, committed 5056K, reserved 1048576K
}

