# JRE version: OpenJDK Runtime Environment Temurin-21.0.7+6 (21.0.7+6) (build 21.0.7+6-LTS)
# Java VM: OpenJDK 64-Bit Server VM Temurin-21.0.7+6 (21.0.7+6-LTS, mixed mode, sharing, tiered, compressed oops, compressed class ptrs, parallel gc, windows-amd64)
GC Precious Log:
 CardTable entry size: 512
 CPUs: 20 total, 20 available
 Memory: 20147M
 Large Page Support: Disabled
 NUMA Support: Disabled
 Compressed Oops: Enabled (32-bit)
 Alignments: Space 512K, Generation 512K, Heap 2M
 Heap Min Capacity: 100M
 Heap Initial Capacity: 100M
 Heap Max Capacity: 2G
 Pre-touch: Disabled
 Parallel Workers: 15
Heap:
 PSYoungGen      total 4096K, used 2546K [0x00000000d5580000, 0x00000000d5a80000, 0x0000000100000000)
  eden space 3072K, 62% used [0x00000000d5580000,0x00000000d575c8e0,0x00000000d5880000)
  from space 1024K, 62% used [0x00000000d5980000,0x00000000d5a20000,0x00000000d5a80000)
  to   space 1024K, 0% used [0x00000000d5880000,0x00000000d5880000,0x00000000d5980000)
 ParOldGen       total 964608K, used 964247K [0x0000000080000000, 0x00000000bae00000, 0x00000000d5580000)
  object space 964608K, 99% used [0x0000000080000000,0x00000000bada5df0,0x00000000bae00000)
 Metaspace       used 75587K, committed 77440K, reserved 1179648K
  class space    used 7554K, committed 8384K, reserved 1048576K
GC Heap History (20 events):
Event: 931.940 GC heap before
{Heap before GC invocations=1384 (full 3):
 PSYoungGen      total 4096K, used 3584K [0x00000000d5580000, 0x00000000d5a80000, 0x0000000100000000)
  eden space 3072K, 100% used [0x00000000d5580000,0x00000000d5880000,0x00000000d5880000)
  from space 1024K, 50% used [0x00000000d5980000,0x00000000d5a00000,0x00000000d5a80000)
  to   space 1024K, 0% used [0x00000000d5880000,0x00000000d5880000,0x00000000d5980000)
 ParOldGen       total 960000K, used 959506K [0x0000000080000000, 0x00000000ba980000, 0x00000000d5580000)
  object space 960000K, 99% used [0x0000000080000000,0x00000000ba904b70,0x00000000ba980000)
 Metaspace       used 75373K, committed 77184K, reserved 1179648K
  class space    used 7546K, committed 8384K, reserved 1048576K
}
Event: 931.942 GC heap after
{Heap after GC invocations=1384 (full 3):
 PSYoungGen      total 4096K, used 640K [0x00000000d5580000, 0x00000000d5a80000, 0x0000000100000000)
  eden space 3072K, 0% used [0x00000000d5580000,0x00000000d5580000,0x00000000d5880000)
  from space 1024K, 62% used [0x00000000d5880000,0x00000000d5920000,0x00000000d5980000)
  to   space 1024K, 0% used [0x00000000d5980000,0x00000000d5980000,0x00000000d5a80000)
 ParOldGen       total 960000K, used 959770K [0x0000000080000000, 0x00000000ba980000, 0x00000000d5580000)
  object space 960000K, 99% used [0x0000000080000000,0x00000000ba946b70,0x00000000ba980000)
 Metaspace       used 75373K, committed 77184K, reserved 1179648K
  class space    used 7546K, committed 8384K, reserved 1048576K
}
Event: 3145.899 GC heap before
{Heap before GC invocations=1385 (full 3):
 PSYoungGen      total 4096K, used 3711K [0x00000000d5580000, 0x00000000d5a80000, 0x0000000100000000)
  eden space 3072K, 99% used [0x00000000d5580000,0x00000000d587fff0,0x00000000d5880000)
  from space 1024K, 62% used [0x00000000d5880000,0x00000000d5920000,0x00000000d5980000)
  to   space 1024K, 0% used [0x00000000d5980000,0x00000000d5980000,0x00000000d5a80000)
 ParOldGen       total 960000K, used 959770K [0x0000000080000000, 0x00000000ba980000, 0x00000000d5580000)
  object space 960000K, 99% used [0x0000000080000000,0x00000000ba946b70,0x00000000ba980000)
 Metaspace       used 75411K, committed 77184K, reserved 1179648K
  class space    used 7547K, committed 8384K, reserved 1048576K
}
Event: 3145.905 GC heap after
{Heap after GC invocations=1385 (full 3):
 PSYoungGen      total 4096K, used 666K [0x00000000d5580000, 0x00000000d5a80000, 0x0000000100000000)
  eden space 3072K, 0% used [0x00000000d5580000,0x00000000d5580000,0x00000000d5880000)
  from space 1024K, 65% used [0x00000000d5980000,0x00000000d5a26920,0x00000000d5a80000)
  to   space 1024K, 0% used [0x00000000d5880000,0x00000000d5880000,0x00000000d5980000)
 ParOldGen       total 960512K, used 960168K [0x0000000080000000, 0x00000000baa00000, 0x00000000d5580000)
  object space 960512K, 99% used [0x0000000080000000,0x00000000ba9aa2e0,0x00000000baa00000)
 Metaspace       used 75411K, committed 77184K, reserved 1179648K
  class space    used 7547K, committed 8384K, reserved 1048576K
}
Event: 3145.952 GC heap before
{Heap before GC invocations=1386 (full 3):
 PSYoungGen      total 4096K, used 3738K [0x00000000d5580000, 0x00000000d5a80000, 0x0000000100000000)
  eden space 3072K, 100% used [0x00000000d5580000,0x00000000d5880000,0x00000000d5880000)
  from space 1024K, 65% used [0x00000000d5980000,0x00000000d5a26920,0x00000000d5a80000)
  to   space 1024K, 0% used [0x00000000d5880000,0x00000000d5880000,0x00000000d5980000)
 ParOldGen       total 960512K, used 960168K [0x0000000080000000, 0x00000000baa00000, 0x00000000d5580000)
  object space 960512K, 99% used [0x0000000080000000,0x00000000ba9aa2e0,0x00000000baa00000)
 Metaspace       used 75414K, committed 77184K, reserved 1179648K
  class space    used 7547K, committed 8384K, reserved 1048576K
}
Event: 3145.954 GC heap after
{Heap after GC invocations=1386 (full 3):
 PSYoungGen      total 4096K, used 544K [0x00000000d5580000, 0x00000000d5a80000, 0x0000000100000000)
  eden space 3072K, 0% used [0x00000000d5580000,0x00000000d5580000,0x00000000d5880000)
  from space 1024K, 53% used [0x00000000d5880000,0x00000000d5908000,0x00000000d5980000)
  to   space 1024K, 0% used [0x00000000d5980000,0x00000000d5980000,0x00000000d5a80000)
 ParOldGen       total 961024K, used 960675K [0x0000000080000000, 0x00000000baa80000, 0x00000000d5580000)
  object space 961024K, 99% used [0x0000000080000000,0x00000000baa28c80,0x00000000baa80000)
 Metaspace       used 75414K, committed 77184K, reserved 1179648K
  class space    used 7547K, committed 8384K, reserved 1048576K
}
Event: 3145.987 GC heap before
{Heap before GC invocations=1387 (full 3):
 PSYoungGen      total 4096K, used 3616K [0x00000000d5580000, 0x00000000d5a80000, 0x0000000100000000)
  eden space 3072K, 100% used [0x00000000d5580000,0x00000000d5880000,0x00000000d5880000)
  from space 1024K, 53% used [0x00000000d5880000,0x00000000d5908000,0x00000000d5980000)
  to   space 1024K, 0% used [0x00000000d5980000,0x00000000d5980000,0x00000000d5a80000)
 ParOldGen       total 961024K, used 960675K [0x0000000080000000, 0x00000000baa80000, 0x00000000d5580000)
  object space 961024K, 99% used [0x0000000080000000,0x00000000baa28c80,0x00000000baa80000)
 Metaspace       used 75414K, committed 77184K, reserved 1179648K
  class space    used 7547K, committed 8384K, reserved 1048576K
}
Event: 3145.989 GC heap after
{Heap after GC invocations=1387 (full 3):
 PSYoungGen      total 4096K, used 736K [0x00000000d5580000, 0x00000000d5a80000, 0x0000000100000000)
  eden space 3072K, 0% used [0x00000000d5580000,0x00000000d5580000,0x00000000d5880000)
  from space 1024K, 71% used [0x00000000d5980000,0x00000000d5a38000,0x00000000d5a80000)
  to   space 1024K, 0% used [0x00000000d5880000,0x00000000d5880000,0x00000000d5980000)
 ParOldGen       total 961536K, used 961115K [0x0000000080000000, 0x00000000bab00000, 0x00000000d5580000)
  object space 961536K, 99% used [0x0000000080000000,0x00000000baa96ca0,0x00000000bab00000)
 Metaspace       used 75414K, committed 77184K, reserved 1179648K
  class space    used 7547K, committed 8384K, reserved 1048576K
}
Event: 3146.007 GC heap before
{Heap before GC invocations=1388 (full 3):
 PSYoungGen      total 4096K, used 3808K [0x00000000d5580000, 0x00000000d5a80000, 0x0000000100000000)
  eden space 3072K, 100% used [0x00000000d5580000,0x00000000d5880000,0x00000000d5880000)
  from space 1024K, 71% used [0x00000000d5980000,0x00000000d5a38000,0x00000000d5a80000)
  to   space 1024K, 0% used [0x00000000d5880000,0x00000000d5880000,0x00000000d5980000)
 ParOldGen       total 961536K, used 961115K [0x0000000080000000, 0x00000000bab00000, 0x00000000d5580000)
  object space 961536K, 99% used [0x0000000080000000,0x00000000baa96ca0,0x00000000bab00000)
 Metaspace       used 75422K, committed 77184K, reserved 1179648K
  class space    used 7548K, committed 8384K, reserved 1048576K
}
Event: 3146.010 GC heap after
{Heap after GC invocations=1388 (full 3):
 PSYoungGen      total 4096K, used 756K [0x00000000d5580000, 0x00000000d5a80000, 0x0000000100000000)
  eden space 3072K, 0% used [0x00000000d5580000,0x00000000d5580000,0x00000000d5880000)
  from space 1024K, 73% used [0x00000000d5880000,0x00000000d593d220,0x00000000d5980000)
  to   space 1024K, 0% used [0x00000000d5980000,0x00000000d5980000,0x00000000d5a80000)
 ParOldGen       total 962048K, used 961623K [0x0000000080000000, 0x00000000bab80000, 0x00000000d5580000)
  object space 962048K, 99% used [0x0000000080000000,0x00000000bab15cb0,0x00000000bab80000)
 Metaspace       used 75422K, committed 77184K, reserved 1179648K
  class space    used 7548K, committed 8384K, reserved 1048576K
}
Event: 3146.035 GC heap before
{Heap before GC invocations=1389 (full 3):
 PSYoungGen      total 4096K, used 3828K [0x00000000d5580000, 0x00000000d5a80000, 0x0000000100000000)
  eden space 3072K, 100% used [0x00000000d5580000,0x00000000d5880000,0x00000000d5880000)
  from space 1024K, 73% used [0x00000000d5880000,0x00000000d593d220,0x00000000d5980000)
  to   space 1024K, 0% used [0x00000000d5980000,0x00000000d5980000,0x00000000d5a80000)
 ParOldGen       total 962048K, used 961623K [0x0000000080000000, 0x00000000bab80000, 0x00000000d5580000)
  object space 962048K, 99% used [0x0000000080000000,0x00000000bab15cb0,0x00000000bab80000)
 Metaspace       used 75428K, committed 77248K, reserved 1179648K
  class space    used 7549K, committed 8384K, reserved 1048576K
}
Event: 3146.036 GC heap after
{Heap after GC invocations=1389 (full 3):
 PSYoungGen      total 4096K, used 608K [0x00000000d5580000, 0x00000000d5a80000, 0x0000000100000000)
  eden space 3072K, 0% used [0x00000000d5580000,0x00000000d5580000,0x00000000d5880000)
  from space 1024K, 59% used [0x00000000d5980000,0x00000000d5a18000,0x00000000d5a80000)
  to   space 1024K, 0% used [0x00000000d5880000,0x00000000d5880000,0x00000000d5980000)
 ParOldGen       total 962560K, used 962257K [0x0000000080000000, 0x00000000bac00000, 0x00000000d5580000)
  object space 962560K, 99% used [0x0000000080000000,0x00000000babb4650,0x00000000bac00000)
 Metaspace       used 75428K, committed 77248K, reserved 1179648K
  class space    used 7549K, committed 8384K, reserved 1048576K
}
Event: 3146.061 GC heap before
{Heap before GC invocations=1390 (full 3):
 PSYoungGen      total 4096K, used 3680K [0x00000000d5580000, 0x00000000d5a80000, 0x0000000100000000)
  eden space 3072K, 100% used [0x00000000d5580000,0x00000000d5880000,0x00000000d5880000)
  from space 1024K, 59% used [0x00000000d5980000,0x00000000d5a18000,0x00000000d5a80000)
  to   space 1024K, 0% used [0x00000000d5880000,0x00000000d5880000,0x00000000d5980000)
 ParOldGen       total 962560K, used 962257K [0x0000000080000000, 0x00000000bac00000, 0x00000000d5580000)
  object space 962560K, 99% used [0x0000000080000000,0x00000000babb4650,0x00000000bac00000)
 Metaspace       used 75463K, committed 77248K, reserved 1179648K
  class space    used 7549K, committed 8384K, reserved 1048576K
}
Event: 3146.063 GC heap after
{Heap after GC invocations=1390 (full 3):
 PSYoungGen      total 4096K, used 768K [0x00000000d5580000, 0x00000000d5a80000, 0x0000000100000000)
  eden space 3072K, 0% used [0x00000000d5580000,0x00000000d5580000,0x00000000d5880000)
  from space 1024K, 75% used [0x00000000d5880000,0x00000000d5940000,0x00000000d5980000)
  to   space 1024K, 0% used [0x00000000d5980000,0x00000000d5980000,0x00000000d5a80000)
 ParOldGen       total 963072K, used 962649K [0x0000000080000000, 0x00000000bac80000, 0x00000000d5580000)
  object space 963072K, 99% used [0x0000000080000000,0x00000000bac16670,0x00000000bac80000)
 Metaspace       used 75463K, committed 77248K, reserved 1179648K
  class space    used 7549K, committed 8384K, reserved 1048576K
}
Event: 3146.089 GC heap before
{Heap before GC invocations=1391 (full 3):
 PSYoungGen      total 4096K, used 3840K [0x00000000d5580000, 0x00000000d5a80000, 0x0000000100000000)
  eden space 3072K, 100% used [0x00000000d5580000,0x00000000d5880000,0x00000000d5880000)
  from space 1024K, 75% used [0x00000000d5880000,0x00000000d5940000,0x00000000d5980000)
  to   space 1024K, 0% used [0x00000000d5980000,0x00000000d5980000,0x00000000d5a80000)
 ParOldGen       total 963072K, used 962649K [0x0000000080000000, 0x00000000bac80000, 0x00000000d5580000)
  object space 963072K, 99% used [0x0000000080000000,0x00000000bac16670,0x00000000bac80000)
 Metaspace       used 75471K, committed 77248K, reserved 1179648K
  class space    used 7549K, committed 8384K, reserved 1048576K
}
Event: 3146.091 GC heap after
{Heap after GC invocations=1391 (full 3):
 PSYoungGen      total 4096K, used 672K [0x00000000d5580000, 0x00000000d5a80000, 0x0000000100000000)
  eden space 3072K, 0% used [0x00000000d5580000,0x00000000d5580000,0x00000000d5880000)
  from space 1024K, 65% used [0x00000000d5980000,0x00000000d5a28000,0x00000000d5a80000)
  to   space 1024K, 0% used [0x00000000d5880000,0x00000000d5880000,0x00000000d5980000)
 ParOldGen       total 963584K, used 963169K [0x0000000080000000, 0x00000000bad00000, 0x00000000d5580000)
  object space 963584K, 99% used [0x0000000080000000,0x00000000bac98670,0x00000000bad00000)
 Metaspace       used 75471K, committed 77248K, reserved 1179648K
  class space    used 7549K, committed 8384K, reserved 1048576K
}
Event: 9933.201 GC heap before
{Heap before GC invocations=1392 (full 3):
 PSYoungGen      total 4096K, used 3744K [0x00000000d5580000, 0x00000000d5a80000, 0x0000000100000000)
  eden space 3072K, 100% used [0x00000000d5580000,0x00000000d5880000,0x00000000d5880000)
  from space 1024K, 65% used [0x00000000d5980000,0x00000000d5a28000,0x00000000d5a80000)
  to   space 1024K, 0% used [0x00000000d5880000,0x00000000d5880000,0x00000000d5980000)
 ParOldGen       total 963584K, used 963169K [0x0000000080000000, 0x00000000bad00000, 0x00000000d5580000)
  object space 963584K, 99% used [0x0000000080000000,0x00000000bac98670,0x00000000bad00000)
 Metaspace       used 75508K, committed 77376K, reserved 1179648K
  class space    used 7549K, committed 8384K, reserved 1048576K
}
Event: 9933.207 GC heap after
{Heap after GC invocations=1392 (full 3):
 PSYoungGen      total 4096K, used 762K [0x00000000d5580000, 0x00000000d5a80000, 0x0000000100000000)
  eden space 3072K, 0% used [0x00000000d5580000,0x00000000d5580000,0x00000000d5880000)
  from space 1024K, 74% used [0x00000000d5880000,0x00000000d593e920,0x00000000d5980000)
  to   space 1024K, 0% used [0x00000000d5980000,0x00000000d5980000,0x00000000d5a80000)
 ParOldGen       total 964096K, used 963681K [0x0000000080000000, 0x00000000bad80000, 0x00000000d5580000)
  object space 964096K, 99% used [0x0000000080000000,0x00000000bad18580,0x00000000bad80000)
 Metaspace       used 75508K, committed 77376K, reserved 1179648K
  class space    used 7549K, committed 8384K, reserved 1048576K
}
Event: 9933.219 GC heap before
{Heap before GC invocations=1393 (full 3):
 PSYoungGen      total 4096K, used 3834K [0x00000000d5580000, 0x00000000d5a80000, 0x0000000100000000)
  eden space 3072K, 100% used [0x00000000d5580000,0x00000000d5880000,0x00000000d5880000)
  from space 1024K, 74% used [0x00000000d5880000,0x00000000d593e920,0x00000000d5980000)
  to   space 1024K, 0% used [0x00000000d5980000,0x00000000d5980000,0x00000000d5a80000)
 ParOldGen       total 964096K, used 963681K [0x0000000080000000, 0x00000000bad80000, 0x00000000d5580000)
  object space 964096K, 99% used [0x0000000080000000,0x00000000bad18580,0x00000000bad80000)
 Metaspace       used 75510K, committed 77376K, reserved 1179648K
  class space    used 7549K, committed 8384K, reserved 1048576K
}
Event: 9933.223 GC heap after
{Heap after GC invocations=1393 (full 3):
 PSYoungGen      total 4096K, used 640K [0x00000000d5580000, 0x00000000d5a80000, 0x0000000100000000)
  eden space 3072K, 0% used [0x00000000d5580000,0x00000000d5580000,0x00000000d5880000)
  from space 1024K, 62% used [0x00000000d5980000,0x00000000d5a20000,0x00000000d5a80000)
  to   space 1024K, 0% used [0x00000000d5880000,0x00000000d5880000,0x00000000d5980000)
 ParOldGen       total 964608K, used 964247K [0x0000000080000000, 0x00000000bae00000, 0x00000000d5580000)
  object space 964608K, 99% used [0x0000000080000000,0x00000000bada5df0,0x00000000bae00000)
 Metaspace       used 75510K, committed 77376K, reserved 1179648K
  class space    used 7549K, committed 8384K, reserved 1048576K
}

